<?xml version="1.0" encoding="UTF-8"?>
<testsuite xmlns:xsi="http://www.w3.org/2001/XMLSchema-instance" xsi:noNamespaceSchemaLocation="https://maven.apache.org/surefire/maven-surefire-plugin/xsd/surefire-test-report.xsd" name="TestSuite" time="68.671" tests="1" errors="0" skipped="0" failures="0">
  <properties>
    <property name="java.specification.version" value="17"/>
    <property name="sun.cpu.isalist" value="amd64"/>
    <property name="sun.jnu.encoding" value="Cp1252"/>
    <property name="java.class.path" value="C:\Users\YaswanthKumarGollapo\eclipse-workspace\MoonLightFramework\target\test-classes;C:\Users\YaswanthKumarGollapo\eclipse-workspace\MoonLightFramework\target\classes;C:\Users\YaswanthKumarGollapo\.m2\repository\io\github\bonigarcia\webdrivermanager\5.1.0\webdrivermanager-5.1.0.jar;C:\Users\YaswanthKumarGollapo\.m2\repository\org\slf4j\slf4j-api\1.7.36\slf4j-api-1.7.36.jar;C:\Users\YaswanthKumarGollapo\.m2\repository\com\google\code\gson\gson\2.9.0\gson-2.9.0.jar;C:\Users\YaswanthKumarGollapo\.m2\repository\com\github\docker-java\docker-java\3.2.13\docker-java-3.2.13.jar;C:\Users\YaswanthKumarGollapo\.m2\repository\com\github\docker-java\docker-java-core\3.2.13\docker-java-core-3.2.13.jar;C:\Users\YaswanthKumarGollapo\.m2\repository\com\github\docker-java\docker-java-api\3.2.13\docker-java-api-3.2.13.jar;C:\Users\YaswanthKumarGollapo\.m2\repository\com\fasterxml\jackson\core\jackson-annotations\2.10.3\jackson-annotations-2.10.3.jar;C:\Users\YaswanthKumarGollapo\.m2\repository\org\apache\commons\commons-compress\1.21\commons-compress-1.21.jar;C:\Users\YaswanthKumarGollapo\.m2\repository\com\fasterxml\jackson\core\jackson-databind\2.10.3\jackson-databind-2.10.3.jar;C:\Users\YaswanthKumarGollapo\.m2\repository\com\fasterxml\jackson\core\jackson-core\2.10.3\jackson-core-2.10.3.jar;C:\Users\YaswanthKumarGollapo\.m2\repository\org\bouncycastle\bcpkix-jdk15on\1.64\bcpkix-jdk15on-1.64.jar;C:\Users\YaswanthKumarGollapo\.m2\repository\org\bouncycastle\bcprov-jdk15on\1.64\bcprov-jdk15on-1.64.jar;C:\Users\YaswanthKumarGollapo\.m2\repository\org\slf4j\jcl-over-slf4j\1.7.30\jcl-over-slf4j-1.7.30.jar;C:\Users\YaswanthKumarGollapo\.m2\repository\com\github\docker-java\docker-java-transport-httpclient5\3.2.13\docker-java-transport-httpclient5-3.2.13.jar;C:\Users\YaswanthKumarGollapo\.m2\repository\com\github\docker-java\docker-java-transport\3.2.13\docker-java-transport-3.2.13.jar;C:\Users\YaswanthKumarGollapo\.m2\repository\org\apache\httpcomponents\client5\httpclient5\5.0.3\httpclient5-5.0.3.jar;C:\Users\YaswanthKumarGollapo\.m2\repository\org\apache\httpcomponents\core5\httpcore5\5.0.2\httpcore5-5.0.2.jar;C:\Users\YaswanthKumarGollapo\.m2\repository\commons-codec\commons-codec\1.13\commons-codec-1.13.jar;C:\Users\YaswanthKumarGollapo\.m2\repository\net\java\dev\jna\jna\5.8.0\jna-5.8.0.jar;C:\Users\YaswanthKumarGollapo\.m2\repository\org\brotli\dec\0.1.2\dec-0.1.2.jar;C:\Users\YaswanthKumarGollapo\.m2\repository\org\apache\commons\commons-lang3\3.12.0\commons-lang3-3.12.0.jar;C:\Users\YaswanthKumarGollapo\.m2\repository\org\testng\testng\6.11\testng-6.11.jar;C:\Users\YaswanthKumarGollapo\.m2\repository\com\beust\jcommander\1.64\jcommander-1.64.jar;C:\Users\YaswanthKumarGollapo\.m2\repository\org\yaml\snakeyaml\1.17\snakeyaml-1.17.jar;C:\Users\YaswanthKumarGollapo\.m2\repository\org\seleniumhq\selenium\selenium-java\2.53.1\selenium-java-2.53.1.jar;C:\Users\YaswanthKumarGollapo\.m2\repository\org\seleniumhq\selenium\selenium-chrome-driver\2.53.1\selenium-chrome-driver-2.53.1.jar;C:\Users\YaswanthKumarGollapo\.m2\repository\org\seleniumhq\selenium\selenium-remote-driver\2.53.1\selenium-remote-driver-2.53.1.jar;C:\Users\YaswanthKumarGollapo\.m2\repository\cglib\cglib-nodep\2.1_3\cglib-nodep-2.1_3.jar;C:\Users\YaswanthKumarGollapo\.m2\repository\org\seleniumhq\selenium\selenium-api\2.53.1\selenium-api-2.53.1.jar;C:\Users\YaswanthKumarGollapo\.m2\repository\org\apache\httpcomponents\httpclient\4.5.1\httpclient-4.5.1.jar;C:\Users\YaswanthKumarGollapo\.m2\repository\org\apache\httpcomponents\httpcore\4.4.3\httpcore-4.4.3.jar;C:\Users\YaswanthKumarGollapo\.m2\repository\org\seleniumhq\selenium\selenium-edge-driver\2.53.1\selenium-edge-driver-2.53.1.jar;C:\Users\YaswanthKumarGollapo\.m2\repository\commons-io\commons-io\2.4\commons-io-2.4.jar;C:\Users\YaswanthKumarGollapo\.m2\repository\org\apache\commons\commons-exec\1.3\commons-exec-1.3.jar;C:\Users\YaswanthKumarGollapo\.m2\repository\org\seleniumhq\selenium\htmlunit-driver\2.21\htmlunit-driver-2.21.jar;C:\Users\YaswanthKumarGollapo\.m2\repository\net\sourceforge\htmlunit\htmlunit\2.21\htmlunit-2.21.jar;C:\Users\YaswanthKumarGollapo\.m2\repository\xalan\xalan\2.7.2\xalan-2.7.2.jar;C:\Users\YaswanthKumarGollapo\.m2\repository\xalan\serializer\2.7.2\serializer-2.7.2.jar;C:\Users\YaswanthKumarGollapo\.m2\repository\org\apache\httpcomponents\httpmime\4.5.2\httpmime-4.5.2.jar;C:\Users\YaswanthKumarGollapo\.m2\repository\net\sourceforge\htmlunit\htmlunit-core-js\2.17\htmlunit-core-js-2.17.jar;C:\Users\YaswanthKumarGollapo\.m2\repository\net\sourceforge\htmlunit\neko-htmlunit\2.21\neko-htmlunit-2.21.jar;C:\Users\YaswanthKumarGollapo\.m2\repository\xerces\xercesImpl\2.11.0\xercesImpl-2.11.0.jar;C:\Users\YaswanthKumarGollapo\.m2\repository\xml-apis\xml-apis\1.4.01\xml-apis-1.4.01.jar;C:\Users\YaswanthKumarGollapo\.m2\repository\net\sourceforge\cssparser\cssparser\0.9.18\cssparser-0.9.18.jar;C:\Users\YaswanthKumarGollapo\.m2\repository\org\w3c\css\sac\1.3\sac-1.3.jar;C:\Users\YaswanthKumarGollapo\.m2\repository\org\eclipse\jetty\websocket\websocket-client\9.2.15.v20160210\websocket-client-9.2.15.v20160210.jar;C:\Users\YaswanthKumarGollapo\.m2\repository\org\eclipse\jetty\jetty-util\9.2.15.v20160210\jetty-util-9.2.15.v20160210.jar;C:\Users\YaswanthKumarGollapo\.m2\repository\org\eclipse\jetty\jetty-io\9.2.15.v20160210\jetty-io-9.2.15.v20160210.jar;C:\Users\YaswanthKumarGollapo\.m2\repository\org\eclipse\jetty\websocket\websocket-common\9.2.15.v20160210\websocket-common-9.2.15.v20160210.jar;C:\Users\YaswanthKumarGollapo\.m2\repository\org\eclipse\jetty\websocket\websocket-api\9.2.15.v20160210\websocket-api-9.2.15.v20160210.jar;C:\Users\YaswanthKumarGollapo\.m2\repository\commons-collections\commons-collections\3.2.2\commons-collections-3.2.2.jar;C:\Users\YaswanthKumarGollapo\.m2\repository\org\seleniumhq\selenium\selenium-firefox-driver\2.53.1\selenium-firefox-driver-2.53.1.jar;C:\Users\YaswanthKumarGollapo\.m2\repository\org\seleniumhq\selenium\selenium-ie-driver\2.53.1\selenium-ie-driver-2.53.1.jar;C:\Users\YaswanthKumarGollapo\.m2\repository\net\java\dev\jna\jna-platform\4.1.0\jna-platform-4.1.0.jar;C:\Users\YaswanthKumarGollapo\.m2\repository\org\seleniumhq\selenium\selenium-safari-driver\2.53.1\selenium-safari-driver-2.53.1.jar;C:\Users\YaswanthKumarGollapo\.m2\repository\io\netty\netty\3.5.7.Final\netty-3.5.7.Final.jar;C:\Users\YaswanthKumarGollapo\.m2\repository\org\seleniumhq\selenium\selenium-support\2.53.1\selenium-support-2.53.1.jar;C:\Users\YaswanthKumarGollapo\.m2\repository\org\seleniumhq\selenium\selenium-leg-rc\2.53.1\selenium-leg-rc-2.53.1.jar;C:\Users\YaswanthKumarGollapo\.m2\repository\com\aventstack\extentreports\5.0.9\extentreports-5.0.9.jar;C:\Users\YaswanthKumarGollapo\.m2\repository\io\reactivex\rxjava3\rxjava\3.0.4\rxjava-3.0.4.jar;C:\Users\YaswanthKumarGollapo\.m2\repository\org\reactivestreams\reactive-streams\1.0.3\reactive-streams-1.0.3.jar;C:\Users\YaswanthKumarGollapo\.m2\repository\org\freemarker\freemarker\2.3.30\freemarker-2.3.30.jar;C:\Users\YaswanthKumarGollapo\.m2\repository\org\uncommons\reportng\1.1.4\reportng-1.1.4.jar;C:\Users\YaswanthKumarGollapo\.m2\repository\velocity\velocity\1.4\velocity-1.4.jar;C:\Users\YaswanthKumarGollapo\.m2\repository\velocity\velocity-dep\1.4\velocity-dep-1.4.jar;C:\Users\YaswanthKumarGollapo\.m2\repository\com\google\inject\guice\4.1.0\guice-4.1.0.jar;C:\Users\YaswanthKumarGollapo\.m2\repository\javax\inject\javax.inject\1\javax.inject-1.jar;C:\Users\YaswanthKumarGollapo\.m2\repository\aopalliance\aopalliance\1.0\aopalliance-1.0.jar;C:\Users\YaswanthKumarGollapo\.m2\repository\com\google\guava\guava\19.0\guava-19.0.jar;C:\Users\YaswanthKumarGollapo\.m2\repository\log4j\log4j\1.2.17\log4j-1.2.17.jar;C:\Users\YaswanthKumarGollapo\.m2\repository\javax\mail\mail\1.4.7\mail-1.4.7.jar;C:\Users\YaswanthKumarGollapo\.m2\repository\javax\activation\activation\1.1\activation-1.1.jar;C:\Users\YaswanthKumarGollapo\.m2\repository\mysql\mysql-connector-java\6.0.5\mysql-connector-java-6.0.5.jar;C:\Users\YaswanthKumarGollapo\.m2\repository\org\apache\poi\poi\3.6\poi-3.6.jar;C:\Users\YaswanthKumarGollapo\.m2\repository\commons-logging\commons-logging\1.1\commons-logging-1.1.jar;C:\Users\YaswanthKumarGollapo\.m2\repository\logkit\logkit\1.0.1\logkit-1.0.1.jar;C:\Users\YaswanthKumarGollapo\.m2\repository\avalon-framework\avalon-framework\4.1.3\avalon-framework-4.1.3.jar;C:\Users\YaswanthKumarGollapo\.m2\repository\javax\servlet\servlet-api\2.3\servlet-api-2.3.jar;C:\Users\YaswanthKumarGollapo\.m2\repository\org\apache\poi\poi-ooxml\3.6\poi-ooxml-3.6.jar;C:\Users\YaswanthKumarGollapo\.m2\repository\dom4j\dom4j\1.1\dom4j-1.1.jar;C:\Users\YaswanthKumarGollapo\.m2\repository\org\apache\xmlbeans\xmlbeans\2.3.0\xmlbeans-2.3.0.jar;C:\Users\YaswanthKumarGollapo\.m2\repository\stax\stax-api\1.0.1\stax-api-1.0.1.jar;C:\Users\YaswanthKumarGollapo\.m2\repository\org\apache\logging\log4j\log4j-core\2.19.0\log4j-core-2.19.0.jar;C:\Users\YaswanthKumarGollapo\.m2\repository\org\apache\poi\poi-ooxml-schemas\3.6\poi-ooxml-schemas-3.6.jar;C:\Users\YaswanthKumarGollapo\.m2\repository\org\apache\geronimo\specs\geronimo-stax-api_1.0_spec\1.0\geronimo-stax-api_1.0_spec-1.0.jar;C:\Users\YaswanthKumarGollapo\.m2\repository\org\projectlombok\lombok\1.18.26\lombok-1.18.26.jar;C:\Users\YaswanthKumarGollapo\.m2\repository\org\apache\logging\log4j\log4j-api\2.19.0\log4j-api-2.19.0.jar;"/>
    <property name="java.vm.vendor" value="Eclipse Adoptium"/>
    <property name="sun.arch.data.model" value="64"/>
    <property name="user.variant" value=""/>
    <property name="java.vendor.url" value="https://adoptium.net/"/>
    <property name="user.timezone" value="Asia/Calcutta"/>
    <property name="os.name" value="Windows 11"/>
    <property name="java.vm.specification.version" value="17"/>
    <property name="sun.java.launcher" value="SUN_STANDARD"/>
    <property name="user.country" value="US"/>
    <property name="sun.boot.library.path" value="C:\Users\YaswanthKumarGollapo\.p2\pool\plugins\org.eclipse.justj.openjdk.hotspot.jre.full.win32.x86_64_17.0.6.v20230204-1729\jre\bin"/>
    <property name="sun.java.command" value="C:\Users\YASWAN~1\AppData\Local\Temp\surefire1001640409395252287\surefirebooter13806694873178980766.jar C:\Users\YaswanthKumarGollapo\AppData\Local\Temp\surefire1001640409395252287 2023-05-19T13-44-45_865-jvmRun1 surefire4608246729808720856tmp surefire_012457513872751036677tmp"/>
    <property name="jdk.debug" value="release"/>
    <property name="surefire.test.class.path" value="C:\Users\YaswanthKumarGollapo\eclipse-workspace\MoonLightFramework\target\test-classes;C:\Users\YaswanthKumarGollapo\eclipse-workspace\MoonLightFramework\target\classes;C:\Users\YaswanthKumarGollapo\.m2\repository\io\github\bonigarcia\webdrivermanager\5.1.0\webdrivermanager-5.1.0.jar;C:\Users\YaswanthKumarGollapo\.m2\repository\org\slf4j\slf4j-api\1.7.36\slf4j-api-1.7.36.jar;C:\Users\YaswanthKumarGollapo\.m2\repository\com\google\code\gson\gson\2.9.0\gson-2.9.0.jar;C:\Users\YaswanthKumarGollapo\.m2\repository\com\github\docker-java\docker-java\3.2.13\docker-java-3.2.13.jar;C:\Users\YaswanthKumarGollapo\.m2\repository\com\github\docker-java\docker-java-core\3.2.13\docker-java-core-3.2.13.jar;C:\Users\YaswanthKumarGollapo\.m2\repository\com\github\docker-java\docker-java-api\3.2.13\docker-java-api-3.2.13.jar;C:\Users\YaswanthKumarGollapo\.m2\repository\com\fasterxml\jackson\core\jackson-annotations\2.10.3\jackson-annotations-2.10.3.jar;C:\Users\YaswanthKumarGollapo\.m2\repository\org\apache\commons\commons-compress\1.21\commons-compress-1.21.jar;C:\Users\YaswanthKumarGollapo\.m2\repository\com\fasterxml\jackson\core\jackson-databind\2.10.3\jackson-databind-2.10.3.jar;C:\Users\YaswanthKumarGollapo\.m2\repository\com\fasterxml\jackson\core\jackson-core\2.10.3\jackson-core-2.10.3.jar;C:\Users\YaswanthKumarGollapo\.m2\repository\org\bouncycastle\bcpkix-jdk15on\1.64\bcpkix-jdk15on-1.64.jar;C:\Users\YaswanthKumarGollapo\.m2\repository\org\bouncycastle\bcprov-jdk15on\1.64\bcprov-jdk15on-1.64.jar;C:\Users\YaswanthKumarGollapo\.m2\repository\org\slf4j\jcl-over-slf4j\1.7.30\jcl-over-slf4j-1.7.30.jar;C:\Users\YaswanthKumarGollapo\.m2\repository\com\github\docker-java\docker-java-transport-httpclient5\3.2.13\docker-java-transport-httpclient5-3.2.13.jar;C:\Users\YaswanthKumarGollapo\.m2\repository\com\github\docker-java\docker-java-transport\3.2.13\docker-java-transport-3.2.13.jar;C:\Users\YaswanthKumarGollapo\.m2\repository\org\apache\httpcomponents\client5\httpclient5\5.0.3\httpclient5-5.0.3.jar;C:\Users\YaswanthKumarGollapo\.m2\repository\org\apache\httpcomponents\core5\httpcore5\5.0.2\httpcore5-5.0.2.jar;C:\Users\YaswanthKumarGollapo\.m2\repository\commons-codec\commons-codec\1.13\commons-codec-1.13.jar;C:\Users\YaswanthKumarGollapo\.m2\repository\net\java\dev\jna\jna\5.8.0\jna-5.8.0.jar;C:\Users\YaswanthKumarGollapo\.m2\repository\org\brotli\dec\0.1.2\dec-0.1.2.jar;C:\Users\YaswanthKumarGollapo\.m2\repository\org\apache\commons\commons-lang3\3.12.0\commons-lang3-3.12.0.jar;C:\Users\YaswanthKumarGollapo\.m2\repository\org\testng\testng\6.11\testng-6.11.jar;C:\Users\YaswanthKumarGollapo\.m2\repository\com\beust\jcommander\1.64\jcommander-1.64.jar;C:\Users\YaswanthKumarGollapo\.m2\repository\org\yaml\snakeyaml\1.17\snakeyaml-1.17.jar;C:\Users\YaswanthKumarGollapo\.m2\repository\org\seleniumhq\selenium\selenium-java\2.53.1\selenium-java-2.53.1.jar;C:\Users\YaswanthKumarGollapo\.m2\repository\org\seleniumhq\selenium\selenium-chrome-driver\2.53.1\selenium-chrome-driver-2.53.1.jar;C:\Users\YaswanthKumarGollapo\.m2\repository\org\seleniumhq\selenium\selenium-remote-driver\2.53.1\selenium-remote-driver-2.53.1.jar;C:\Users\YaswanthKumarGollapo\.m2\repository\cglib\cglib-nodep\2.1_3\cglib-nodep-2.1_3.jar;C:\Users\YaswanthKumarGollapo\.m2\repository\org\seleniumhq\selenium\selenium-api\2.53.1\selenium-api-2.53.1.jar;C:\Users\YaswanthKumarGollapo\.m2\repository\org\apache\httpcomponents\httpclient\4.5.1\httpclient-4.5.1.jar;C:\Users\YaswanthKumarGollapo\.m2\repository\org\apache\httpcomponents\httpcore\4.4.3\httpcore-4.4.3.jar;C:\Users\YaswanthKumarGollapo\.m2\repository\org\seleniumhq\selenium\selenium-edge-driver\2.53.1\selenium-edge-driver-2.53.1.jar;C:\Users\YaswanthKumarGollapo\.m2\repository\commons-io\commons-io\2.4\commons-io-2.4.jar;C:\Users\YaswanthKumarGollapo\.m2\repository\org\apache\commons\commons-exec\1.3\commons-exec-1.3.jar;C:\Users\YaswanthKumarGollapo\.m2\repository\org\seleniumhq\selenium\htmlunit-driver\2.21\htmlunit-driver-2.21.jar;C:\Users\YaswanthKumarGollapo\.m2\repository\net\sourceforge\htmlunit\htmlunit\2.21\htmlunit-2.21.jar;C:\Users\YaswanthKumarGollapo\.m2\repository\xalan\xalan\2.7.2\xalan-2.7.2.jar;C:\Users\YaswanthKumarGollapo\.m2\repository\xalan\serializer\2.7.2\serializer-2.7.2.jar;C:\Users\YaswanthKumarGollapo\.m2\repository\org\apache\httpcomponents\httpmime\4.5.2\httpmime-4.5.2.jar;C:\Users\YaswanthKumarGollapo\.m2\repository\net\sourceforge\htmlunit\htmlunit-core-js\2.17\htmlunit-core-js-2.17.jar;C:\Users\YaswanthKumarGollapo\.m2\repository\net\sourceforge\htmlunit\neko-htmlunit\2.21\neko-htmlunit-2.21.jar;C:\Users\YaswanthKumarGollapo\.m2\repository\xerces\xercesImpl\2.11.0\xercesImpl-2.11.0.jar;C:\Users\YaswanthKumarGollapo\.m2\repository\xml-apis\xml-apis\1.4.01\xml-apis-1.4.01.jar;C:\Users\YaswanthKumarGollapo\.m2\repository\net\sourceforge\cssparser\cssparser\0.9.18\cssparser-0.9.18.jar;C:\Users\YaswanthKumarGollapo\.m2\repository\org\w3c\css\sac\1.3\sac-1.3.jar;C:\Users\YaswanthKumarGollapo\.m2\repository\org\eclipse\jetty\websocket\websocket-client\9.2.15.v20160210\websocket-client-9.2.15.v20160210.jar;C:\Users\YaswanthKumarGollapo\.m2\repository\org\eclipse\jetty\jetty-util\9.2.15.v20160210\jetty-util-9.2.15.v20160210.jar;C:\Users\YaswanthKumarGollapo\.m2\repository\org\eclipse\jetty\jetty-io\9.2.15.v20160210\jetty-io-9.2.15.v20160210.jar;C:\Users\YaswanthKumarGollapo\.m2\repository\org\eclipse\jetty\websocket\websocket-common\9.2.15.v20160210\websocket-common-9.2.15.v20160210.jar;C:\Users\YaswanthKumarGollapo\.m2\repository\org\eclipse\jetty\websocket\websocket-api\9.2.15.v20160210\websocket-api-9.2.15.v20160210.jar;C:\Users\YaswanthKumarGollapo\.m2\repository\commons-collections\commons-collections\3.2.2\commons-collections-3.2.2.jar;C:\Users\YaswanthKumarGollapo\.m2\repository\org\seleniumhq\selenium\selenium-firefox-driver\2.53.1\selenium-firefox-driver-2.53.1.jar;C:\Users\YaswanthKumarGollapo\.m2\repository\org\seleniumhq\selenium\selenium-ie-driver\2.53.1\selenium-ie-driver-2.53.1.jar;C:\Users\YaswanthKumarGollapo\.m2\repository\net\java\dev\jna\jna-platform\4.1.0\jna-platform-4.1.0.jar;C:\Users\YaswanthKumarGollapo\.m2\repository\org\seleniumhq\selenium\selenium-safari-driver\2.53.1\selenium-safari-driver-2.53.1.jar;C:\Users\YaswanthKumarGollapo\.m2\repository\io\netty\netty\3.5.7.Final\netty-3.5.7.Final.jar;C:\Users\YaswanthKumarGollapo\.m2\repository\org\seleniumhq\selenium\selenium-support\2.53.1\selenium-support-2.53.1.jar;C:\Users\YaswanthKumarGollapo\.m2\repository\org\seleniumhq\selenium\selenium-leg-rc\2.53.1\selenium-leg-rc-2.53.1.jar;C:\Users\YaswanthKumarGollapo\.m2\repository\com\aventstack\extentreports\5.0.9\extentreports-5.0.9.jar;C:\Users\YaswanthKumarGollapo\.m2\repository\io\reactivex\rxjava3\rxjava\3.0.4\rxjava-3.0.4.jar;C:\Users\YaswanthKumarGollapo\.m2\repository\org\reactivestreams\reactive-streams\1.0.3\reactive-streams-1.0.3.jar;C:\Users\YaswanthKumarGollapo\.m2\repository\org\freemarker\freemarker\2.3.30\freemarker-2.3.30.jar;C:\Users\YaswanthKumarGollapo\.m2\repository\org\uncommons\reportng\1.1.4\reportng-1.1.4.jar;C:\Users\YaswanthKumarGollapo\.m2\repository\velocity\velocity\1.4\velocity-1.4.jar;C:\Users\YaswanthKumarGollapo\.m2\repository\velocity\velocity-dep\1.4\velocity-dep-1.4.jar;C:\Users\YaswanthKumarGollapo\.m2\repository\com\google\inject\guice\4.1.0\guice-4.1.0.jar;C:\Users\YaswanthKumarGollapo\.m2\repository\javax\inject\javax.inject\1\javax.inject-1.jar;C:\Users\YaswanthKumarGollapo\.m2\repository\aopalliance\aopalliance\1.0\aopalliance-1.0.jar;C:\Users\YaswanthKumarGollapo\.m2\repository\com\google\guava\guava\19.0\guava-19.0.jar;C:\Users\YaswanthKumarGollapo\.m2\repository\log4j\log4j\1.2.17\log4j-1.2.17.jar;C:\Users\YaswanthKumarGollapo\.m2\repository\javax\mail\mail\1.4.7\mail-1.4.7.jar;C:\Users\YaswanthKumarGollapo\.m2\repository\javax\activation\activation\1.1\activation-1.1.jar;C:\Users\YaswanthKumarGollapo\.m2\repository\mysql\mysql-connector-java\6.0.5\mysql-connector-java-6.0.5.jar;C:\Users\YaswanthKumarGollapo\.m2\repository\org\apache\poi\poi\3.6\poi-3.6.jar;C:\Users\YaswanthKumarGollapo\.m2\repository\commons-logging\commons-logging\1.1\commons-logging-1.1.jar;C:\Users\YaswanthKumarGollapo\.m2\repository\logkit\logkit\1.0.1\logkit-1.0.1.jar;C:\Users\YaswanthKumarGollapo\.m2\repository\avalon-framework\avalon-framework\4.1.3\avalon-framework-4.1.3.jar;C:\Users\YaswanthKumarGollapo\.m2\repository\javax\servlet\servlet-api\2.3\servlet-api-2.3.jar;C:\Users\YaswanthKumarGollapo\.m2\repository\org\apache\poi\poi-ooxml\3.6\poi-ooxml-3.6.jar;C:\Users\YaswanthKumarGollapo\.m2\repository\dom4j\dom4j\1.1\dom4j-1.1.jar;C:\Users\YaswanthKumarGollapo\.m2\repository\org\apache\xmlbeans\xmlbeans\2.3.0\xmlbeans-2.3.0.jar;C:\Users\YaswanthKumarGollapo\.m2\repository\stax\stax-api\1.0.1\stax-api-1.0.1.jar;C:\Users\YaswanthKumarGollapo\.m2\repository\org\apache\logging\log4j\log4j-core\2.19.0\log4j-core-2.19.0.jar;C:\Users\YaswanthKumarGollapo\.m2\repository\org\apache\poi\poi-ooxml-schemas\3.6\poi-ooxml-schemas-3.6.jar;C:\Users\YaswanthKumarGollapo\.m2\repository\org\apache\geronimo\specs\geronimo-stax-api_1.0_spec\1.0\geronimo-stax-api_1.0_spec-1.0.jar;C:\Users\YaswanthKumarGollapo\.m2\repository\org\projectlombok\lombok\1.18.26\lombok-1.18.26.jar;C:\Users\YaswanthKumarGollapo\.m2\repository\org\apache\logging\log4j\log4j-api\2.19.0\log4j-api-2.19.0.jar;"/>
    <property name="sun.cpu.endian" value="little"/>
    <property name="user.home" value="C:\Users\YaswanthKumarGollapo"/>
    <property name="user.language" value="en"/>
    <property name="java.specification.vendor" value="Oracle Corporation"/>
    <property name="java.version.date" value="2023-01-17"/>
    <property name="java.home" value="C:\Users\YaswanthKumarGollapo\.p2\pool\plugins\org.eclipse.justj.openjdk.hotspot.jre.full.win32.x86_64_17.0.6.v20230204-1729\jre"/>
    <property name="file.separator" value="\"/>
    <property name="style.color" value="always"/>
    <property name="basedir" value="C:\Users\YaswanthKumarGollapo\eclipse-workspace\MoonLightFramework"/>
    <property name="java.vm.compressedOopsMode" value="Zero based"/>
    <property name="line.separator" value="&#10;"/>
    <property name="java.vm.specification.vendor" value="Oracle Corporation"/>
    <property name="java.specification.name" value="Java Platform API Specification"/>
    <property name="surefire.real.class.path" value="C:\Users\YASWAN~1\AppData\Local\Temp\surefire1001640409395252287\surefirebooter13806694873178980766.jar"/>
    <property name="user.script" value=""/>
    <property name="sun.management.compiler" value="HotSpot 64-Bit Tiered Compilers"/>
    <property name="java.runtime.version" value="17.0.6+10"/>
    <property name="user.name" value="YaswanthKumarGollapo"/>
    <property name="path.separator" value=";"/>
    <property name="os.version" value="10.0"/>
    <property name="java.runtime.name" value="OpenJDK Runtime Environment"/>
    <property name="file.encoding" value="Cp1252"/>
    <property name="java.vm.name" value="OpenJDK 64-Bit Server VM"/>
    <property name="java.vendor.version" value="Temurin-17.0.6+10"/>
    <property name="localRepository" value="C:\Users\YaswanthKumarGollapo\.m2\repository"/>
    <property name="java.vendor.url.bug" value="https://github.com/adoptium/adoptium-support/issues"/>
    <property name="java.io.tmpdir" value="C:\Users\YASWAN~1\AppData\Local\Temp\"/>
    <property name="java.version" value="17.0.6"/>
    <property name="user.dir" value="C:\Users\YaswanthKumarGollapo\eclipse-workspace\MoonLightFramework"/>
    <property name="os.arch" value="amd64"/>
    <property name="java.vm.specification.name" value="Java Virtual Machine Specification"/>
    <property name="sun.os.patch.level" value=""/>
    <property name="native.encoding" value="Cp1252"/>
    <property name="java.library.path" value="C:\Users\YaswanthKumarGollapo\.p2\pool\plugins\org.eclipse.justj.openjdk.hotspot.jre.full.win32.x86_64_17.0.6.v20230204-1729\jre\bin;C:\WINDOWS\Sun\Java\bin;C:\WINDOWS\system32;C:\WINDOWS;C:/Users/YaswanthKumarGollapo/.p2/pool/plugins/org.eclipse.justj.openjdk.hotspot.jre.full.win32.x86_64_17.0.6.v20230204-1729/jre/bin/server;C:/Users/YaswanthKumarGollapo/.p2/pool/plugins/org.eclipse.justj.openjdk.hotspot.jre.full.win32.x86_64_17.0.6.v20230204-1729/jre/bin;C:\Program Files\Common Files\Oracle\Java\javapath;C:\WINDOWS\system32;C:\WINDOWS;C:\WINDOWS\System32\Wbem;C:\WINDOWS\System32\WindowsPowerShell\v1.0\;C:\WINDOWS\System32\OpenSSH\;C:\Program Files\nodejs\;C:\Program Files\Git\cmd;C:\Program Files\Java\jdk-17;C:\Users\YaswanthKumarGollapo\Downloads\apache-maven-3.8.6-bin\apache-maven-3.8.6\bin;C:\Program Files\Docker\Docker\resources\bin;C:\Users\YaswanthKumarGollapo\AppData\Local\Programs\Python\Python311;C:\Users\YaswanthKumarGollapo\AppData\Local\Programs\Python\Python311\Scripts;C:\Program Files\nodejs\node_modules;C:\Users\YaswanthKumarGollapo\AppData\Local\Microsoft\WindowsApps;C:\Users\YaswanthKumarGollapo\AppData\Roaming\npm;;C:\Users\YaswanthKumarGollapo\AppData\Local\Programs\Microsoft VS Code\bin;C:\Users\YaswanthKumarGollapo\eclipse\java-2023-03\eclipse;;."/>
    <property name="java.vm.info" value="mixed mode"/>
    <property name="java.vendor" value="Eclipse Adoptium"/>
    <property name="java.vm.version" value="17.0.6+10"/>
    <property name="sun.io.unicode.encoding" value="UnicodeLittle"/>
    <property name="java.class.version" value="61.0"/>
  </properties>
  <testcase name="minnwest_Login" classname="com.minnwest.testcases.Minnwest_Login" time="61.146"/>
</testsuite>