<?xml version="1.0" encoding="UTF-8"?>
<!-- Generated by org.testng.reporters.JUnitReportReporter -->
<testsuite hostname="KairosHW0444" failures="0" tests="1" name="com.minnwest.testcases.Minnwest_Login" time="61.534" errors="0" timestamp="19 May 2023 06:39:12 GMT" skipped="0">
  <testcase classname="com.minnwest.testcases.Minnwest_Login" name="minnwest_Login" time="61.534"/>
</testsuite> <!-- com.minnwest.testcases.Minnwest_Login -->
